\BOOKMARK [1][-]{section.1}{Introduction}{}% 1
\BOOKMARK [1][-]{section.2}{Background}{}% 2
\BOOKMARK [2][-]{subsection.2.1}{Basics of Web Crawling}{section.2}% 3
\BOOKMARK [2][-]{subsection.2.2}{Crawler Architecture}{section.2}% 4
\BOOKMARK [3][-]{subsubsection.2.2.1}{Frontier Data Structure}{subsection.2.2}% 5
\BOOKMARK [3][-]{subsubsection.2.2.2}{URL Seen Test \(duplicated URL eliminator\)}{subsection.2.2}% 6
\BOOKMARK [3][-]{subsubsection.2.2.3}{Auxiliary Data Structures}{subsection.2.2}% 7
\BOOKMARK [3][-]{subsubsection.2.2.4}{Distributed crawling}{subsection.2.2}% 8
\BOOKMARK [3][-]{subsubsection.2.2.5}{Incremental crawling}{subsection.2.2}% 9
\BOOKMARK [2][-]{subsection.2.3}{Browser automation: Selenium}{section.2}% 10
\BOOKMARK [3][-]{subsubsection.2.3.1}{WebDriver Design}{subsection.2.3}% 11
\BOOKMARK [3][-]{subsubsection.2.3.2}{The IE Driver}{subsection.2.3}% 12
\BOOKMARK [3][-]{subsubsection.2.3.3}{The Remote Driver}{subsection.2.3}% 13
\BOOKMARK [3][-]{subsubsection.2.3.4}{Combinatorial Explosion}{subsection.2.3}% 14
\BOOKMARK [3][-]{subsubsection.2.3.5}{Layers and Javascript}{subsection.2.3}% 15
\BOOKMARK [3][-]{subsubsection.2.3.6}{Different Browsers}{subsection.2.3}% 16
\BOOKMARK [2][-]{subsection.2.4}{Unit Testing}{section.2}% 17
\BOOKMARK [1][-]{section.3}{Implementation}{}% 18
\BOOKMARK [2][-]{subsection.3.1}{Technologies}{section.3}% 19
\BOOKMARK [2][-]{subsection.3.2}{Data slicing}{section.3}% 20
\BOOKMARK [2][-]{subsection.3.3}{Configuration of external libraries and drivers}{section.3}% 21
\BOOKMARK [3][-]{subsubsection.3.3.1}{Driver configuration}{subsection.3.3}% 22
\BOOKMARK [2][-]{subsection.3.4}{Implementation}{section.3}% 23
\BOOKMARK [3][-]{subsubsection.3.4.1}{Crawler}{subsection.3.4}% 24
\BOOKMARK [3][-]{subsubsection.3.4.2}{Applet Wrapper}{subsection.3.4}% 25
\BOOKMARK [3][-]{subsubsection.3.4.3}{Unit Test cases}{subsection.3.4}% 26
